<?xml version="1.0" ?>
<testsuites disabled="0" errors="0" failures="7" tests="136" time="0.0">
	<testsuite disabled="0" errors="0" failures="7" name="terraform scan" skipped="0" tests="136" time="0">
		<properties>
			<property name="directory" value="['/app']"/>
			<property name="add_check" value="False"/>
			<property name="list" value="False"/>
			<property name="output" value="['junitxml']"/>
			<property name="output_file_path" value="results.xml"/>
			<property name="output_bc_ids" value="False"/>
			<property name="include_all_checkov_policies" value="True"/>
			<property name="quiet" value="False"/>
			<property name="compact" value="False"/>
			<property name="framework" value="['all']"/>
			<property name="skip_framework" value="[]"/>
			<property name="run_all_external_checks" value="False"/>
			<property name="soft_fail" value="False"/>
			<property name="skip_results_upload" value="False"/>
			<property name="repo_id" value="cli_repo/app"/>
			<property name="branch" value="master"/>
			<property name="skip_download" value="False"/>
			<property name="use_enforcement_rules" value="False"/>
			<property name="external_modules_download_path" value=".external_modules"/>
			<property name="evaluate_variables" value="True"/>
			<property name="no_cert_verify" value="False"/>
			<property name="create_baseline" value="False"/>
			<property name="output_baseline_as_skipped" value="False"/>
			<property name="secrets_scan_file_type" value="[]"/>
			<property name="enable_secret_scan_all_files" value="False"/>
			<property name="block_list_secret_scan" value="[]"/>
			<property name="summary_position" value="top"/>
			<property name="skip_resources_without_violations" value="False"/>
			<property name="deep_analysis" value="False"/>
			<property name="no_fail_on_crash" value="False"/>
			<property name="mask" value="defaultdict(&lt;class 'set'&gt;, {})"/>
			<property name="scan_secrets_history" value="False"/>
			<property name="secrets_history_timeout" value="12h"/>
			<property name="custom_tool_name" value="Checkov"/>
		</properties>
		<testcase name="[NONE][CKV_AWS_131] Ensure that ALB drops HTTP headers" classname="/alb.tf.aws_lb.app_lb" file="/alb.tf"/>
		<testcase name="[NONE][CKV_AWS_150] Ensure that Load Balancer has deletion protection enabled" classname="/alb.tf.aws_lb.app_lb" file="/alb.tf"/>
		<testcase name="[NONE][CKV_AWS_91] Ensure the ELBv2 (Application/Network) has access logging enabled" classname="/alb.tf.aws_lb.app_lb" file="/alb.tf"/>
		<testcase name="[NONE][CKV_AWS_328] Ensure that ALB is configured with defensive or strictest desync mitigation mode" classname="/alb.tf.aws_lb.app_lb" file="/alb.tf"/>
		<testcase name="[NONE][CKV_AWS_261] Ensure HTTP HTTPS Target group defines Healthcheck" classname="/alb.tf.aws_lb_target_group.app_tg" file="/alb.tf"/>
		<testcase name="[NONE][CKV_AWS_2] Ensure ALB protocol is HTTPS" classname="/alb.tf.aws_lb_listener.https" file="/alb.tf"/>
		<testcase name="[NONE][CKV_AWS_2] Ensure ALB protocol is HTTPS" classname="/alb.tf.aws_lb_listener.http_redirect" file="/alb.tf"/>
		<testcase name="[NONE][CKV_AWS_7] Ensure rotation for customer created CMKs is enabled" classname="/cloudwatch.tf.aws_kms_key.cloudwatch_logs_kms" file="/cloudwatch.tf"/>
		<testcase name="[NONE][CKV_AWS_227] Ensure KMS key is enabled" classname="/cloudwatch.tf.aws_kms_key.cloudwatch_logs_kms" file="/cloudwatch.tf"/>
		<testcase name="[NONE][CKV_AWS_33] Ensure KMS key policy does not contain wildcard (*) principal" classname="/cloudwatch.tf.aws_kms_key.cloudwatch_logs_kms" file="/cloudwatch.tf"/>
		<testcase name="[NONE][CKV_AWS_158] Ensure that CloudWatch Log Group is encrypted by KMS" classname="/cloudwatch.tf.aws_cloudwatch_log_group.app_log_group" file="/cloudwatch.tf"/>
		<testcase name="[NONE][CKV_AWS_66] Ensure that CloudWatch Log Group specifies retention days" classname="/cloudwatch.tf.aws_cloudwatch_log_group.app_log_group" file="/cloudwatch.tf"/>
		<testcase name="[NONE][CKV_AWS_338] Ensure CloudWatch log groups retains logs for at least 1 year" classname="/cloudwatch.tf.aws_cloudwatch_log_group.app_log_group" file="/cloudwatch.tf"/>
		<testcase name="[NONE][CKV_AWS_60] Ensure IAM role allows only specific services or principals to assume it" classname="/cloudwatch.tf.aws_iam_role.grafana_cloudwatch_role" file="/cloudwatch.tf"/>
		<testcase name="[NONE][CKV_AWS_274] Disallow IAM roles, users, and groups from using the AWS AdministratorAccess policy" classname="/cloudwatch.tf.aws_iam_role.grafana_cloudwatch_role" file="/cloudwatch.tf"/>
		<testcase name="[NONE][CKV_AWS_61] Ensure AWS IAM policy does not allow assume role permission across all services" classname="/cloudwatch.tf.aws_iam_role.grafana_cloudwatch_role" file="/cloudwatch.tf"/>
		<testcase name="[NONE][CKV_AWS_290] Ensure IAM policies does not allow write access without constraints" classname="/cloudwatch.tf.aws_iam_policy.grafana_cloudwatch_policy" file="/cloudwatch.tf"/>
		<testcase name="[NONE][CKV_AWS_355] Ensure no IAM policies documents allow &quot;*&quot; as a statement's resource for restrictable actions" classname="/cloudwatch.tf.aws_iam_policy.grafana_cloudwatch_policy" file="/cloudwatch.tf"/>
		<testcase name="[NONE][CKV_AWS_287] Ensure IAM policies does not allow credentials exposure" classname="/cloudwatch.tf.aws_iam_policy.grafana_cloudwatch_policy" file="/cloudwatch.tf"/>
		<testcase name="[NONE][CKV_AWS_286] Ensure IAM policies does not allow privilege escalation" classname="/cloudwatch.tf.aws_iam_policy.grafana_cloudwatch_policy" file="/cloudwatch.tf"/>
		<testcase name="[NONE][CKV_AWS_63] Ensure no IAM policies documents allow &quot;*&quot; as a statement's actions" classname="/cloudwatch.tf.aws_iam_policy.grafana_cloudwatch_policy" file="/cloudwatch.tf"/>
		<testcase name="[NONE][CKV_AWS_288] Ensure IAM policies does not allow data exfiltration" classname="/cloudwatch.tf.aws_iam_policy.grafana_cloudwatch_policy" file="/cloudwatch.tf"/>
		<testcase name="[NONE][CKV_AWS_62] Ensure IAM policies that allow full &quot;*-*&quot; administrative privileges are not created" classname="/cloudwatch.tf.aws_iam_policy.grafana_cloudwatch_policy" file="/cloudwatch.tf"/>
		<testcase name="[NONE][CKV_AWS_289] Ensure IAM policies does not allow permissions management / resource exposure without constraints" classname="/cloudwatch.tf.aws_iam_policy.grafana_cloudwatch_policy" file="/cloudwatch.tf"/>
		<testcase name="[NONE][CKV_AWS_274] Disallow IAM roles, users, and groups from using the AWS AdministratorAccess policy" classname="/cloudwatch.tf.aws_iam_role_policy_attachment.grafana_cloudwatch" file="/cloudwatch.tf"/>
		<testcase name="[NONE][CKV_AWS_130] Ensure VPC subnets do not assign public IP by default" classname="/database.tf.aws_subnet.private_subnet_1" file="/database.tf"/>
		<testcase name="[NONE][CKV_AWS_130] Ensure VPC subnets do not assign public IP by default" classname="/database.tf.aws_subnet.private_subnet_2" file="/database.tf"/>
		<testcase name="[NONE][CKV_AWS_118] Ensure that enhanced monitoring is enabled for Amazon RDS instances" classname="/database.tf.aws_db_instance.healthy" file="/database.tf"/>
		<testcase name="[NONE][CKV_AWS_293] Ensure that AWS database instances have deletion protection enabled" classname="/database.tf.aws_db_instance.healthy" file="/database.tf"/>
		<testcase name="[NONE][CKV_AWS_388] Ensure AWS Aurora PostgreSQL is not exposed to local file read vulnerability" classname="/database.tf.aws_db_instance.healthy" file="/database.tf"/>
		<testcase name="[NONE][CKV_AWS_16] Ensure all data stored in the RDS is securely encrypted at rest" classname="/database.tf.aws_db_instance.healthy" file="/database.tf"/>
		<testcase name="[NONE][CKV_AWS_17] Ensure all data stored in RDS is not publicly accessible" classname="/database.tf.aws_db_instance.healthy" file="/database.tf"/>
		<testcase name="[NONE][CKV_AWS_250] Ensure that RDS PostgreSQL instances use a non vulnerable version with the log_fdw extension (https://aws.amazon.com/security/security-bulletins/AWS-2022-004/)" classname="/database.tf.aws_db_instance.healthy" file="/database.tf"/>
		<testcase name="[NONE][CKV_AWS_161] Ensure RDS database has IAM authentication enabled" classname="/database.tf.aws_db_instance.healthy" file="/database.tf"/>
		<testcase name="[NONE][CKV_AWS_353] Ensure that RDS instances have performance insights enabled" classname="/database.tf.aws_db_instance.healthy" file="/database.tf"/>
		<testcase name="[NONE][CKV_AWS_211] Ensure RDS uses a modern CaCert" classname="/database.tf.aws_db_instance.healthy" file="/database.tf"/>
		<testcase name="[NONE][CKV_AWS_133] Ensure that RDS instances has backup policy" classname="/database.tf.aws_db_instance.healthy" file="/database.tf"/>
		<testcase name="[NONE][CKV_AWS_226] Ensure DB instance gets all minor upgrades automatically" classname="/database.tf.aws_db_instance.healthy" file="/database.tf"/>
		<testcase name="[NONE][CKV_AWS_157] Ensure that RDS instances have Multi-AZ enabled" classname="/database.tf.aws_db_instance.healthy" file="/database.tf"/>
		<testcase name="[NONE][CKV_AWS_129] Ensure that respective logs of Amazon Relational Database Service (Amazon RDS) are enabled" classname="/database.tf.aws_db_instance.healthy" file="/database.tf"/>
		<testcase name="[NONE][CKV_AWS_126] Ensure that detailed monitoring is enabled for EC2 instances" classname="/ec2.tf.aws_instance.backend" file="/ec2.tf"/>
		<testcase name="[NONE][CKV_AWS_135] Ensure that EC2 is EBS optimized" classname="/ec2.tf.aws_instance.backend" file="/ec2.tf"/>
		<testcase name="[NONE][CKV_AWS_88] EC2 instance should not have public IP." classname="/ec2.tf.aws_instance.backend" file="/ec2.tf"/>
		<testcase name="[NONE][CKV_AWS_79] Ensure Instance Metadata Service Version 1 is not enabled" classname="/ec2.tf.aws_instance.backend" file="/ec2.tf"/>
		<testcase name="[NONE][CKV_AWS_46] Ensure no hard-coded secrets exist in EC2 user data" classname="/ec2.tf.aws_instance.backend" file="/ec2.tf"/>
		<testcase name="[NONE][CKV_AWS_8] Ensure all data stored in the Launch configuration or instance Elastic Blocks Store is securely encrypted" classname="/ec2.tf.aws_instance.backend" file="/ec2.tf"/>
		<testcase name="[NONE][CKV_AWS_60] Ensure IAM role allows only specific services or principals to assume it" classname="/iam.tf.aws_iam_role.ec2_s3_read_role" file="/iam.tf"/>
		<testcase name="[NONE][CKV_AWS_274] Disallow IAM roles, users, and groups from using the AWS AdministratorAccess policy" classname="/iam.tf.aws_iam_role.ec2_s3_read_role" file="/iam.tf"/>
		<testcase name="[NONE][CKV_AWS_61] Ensure AWS IAM policy does not allow assume role permission across all services" classname="/iam.tf.aws_iam_role.ec2_s3_read_role" file="/iam.tf"/>
		<testcase name="[NONE][CKV_AWS_274] Disallow IAM roles, users, and groups from using the AWS AdministratorAccess policy" classname="/iam.tf.aws_iam_policy_attachment.s3_read_attach" file="/iam.tf"/>
		<testcase name="[NONE][CKV_AWS_40] Ensure IAM policies are attached only to groups or roles (Reducing access management complexity may in-turn reduce opportunity for a principal to inadvertently receive or retain excessive privileges.)" classname="/iam.tf.aws_iam_policy_attachment.s3_read_attach" file="/iam.tf"/>
		<testcase name="[NONE][CKV_AWS_41] Ensure no hard coded AWS access key and secret key exists in provider" classname="/main.tf.aws.default" file="/main.tf"/>
		<testcase name="[NONE][CKV_AWS_93] Ensure S3 bucket policy does not lockout all but root user. (Prevent lockouts needing root account fixes)" classname="/s3.tf.aws_s3_bucket.healthy_app_files" file="/s3.tf"/>
		<testcase name="[NONE][CKV_AWS_53] Ensure S3 bucket has block public ACLS enabled" classname="/s3.tf.aws_s3_bucket_public_access_block.public_access" file="/s3.tf"/>
		<testcase name="[NONE][CKV_AWS_56] Ensure S3 bucket has 'restrict_public_buckets' enabled" classname="/s3.tf.aws_s3_bucket_public_access_block.public_access" file="/s3.tf"/>
		<testcase name="[NONE][CKV_AWS_55] Ensure S3 bucket has ignore public ACLs enabled" classname="/s3.tf.aws_s3_bucket_public_access_block.public_access" file="/s3.tf"/>
		<testcase name="[NONE][CKV_AWS_54] Ensure S3 bucket has block public policy enabled" classname="/s3.tf.aws_s3_bucket_public_access_block.public_access" file="/s3.tf"/>
		<testcase name="[NONE][CKV_AWS_7] Ensure rotation for customer created CMKs is enabled" classname="/s3.tf.aws_kms_key.s3_kms" file="/s3.tf"/>
		<testcase name="[NONE][CKV_AWS_227] Ensure KMS key is enabled" classname="/s3.tf.aws_kms_key.s3_kms" file="/s3.tf"/>
		<testcase name="[NONE][CKV_AWS_33] Ensure KMS key policy does not contain wildcard (*) principal" classname="/s3.tf.aws_kms_key.s3_kms" file="/s3.tf"/>
		<testcase name="[NONE][CKV_AWS_277] Ensure no security groups allow ingress from 0.0.0.0:0 to port -1" classname="/securitygroup.tf.aws_security_group.rds_sg" file="/securitygroup.tf"/>
		<testcase name="[NONE][CKV_AWS_24] Ensure no security groups allow ingress from 0.0.0.0:0 to port 22" classname="/securitygroup.tf.aws_security_group.rds_sg" file="/securitygroup.tf"/>
		<testcase name="[NONE][CKV_AWS_382] Ensure no security groups allow egress from 0.0.0.0:0 to port -1" classname="/securitygroup.tf.aws_security_group.rds_sg" file="/securitygroup.tf"/>
		<testcase name="[NONE][CKV_AWS_23] Ensure every security group and rule has a description" classname="/securitygroup.tf.aws_security_group.rds_sg" file="/securitygroup.tf"/>
		<testcase name="[NONE][CKV_AWS_260] Ensure no security groups allow ingress from 0.0.0.0:0 to port 80" classname="/securitygroup.tf.aws_security_group.rds_sg" file="/securitygroup.tf"/>
		<testcase name="[NONE][CKV_AWS_25] Ensure no security groups allow ingress from 0.0.0.0:0 to port 3389" classname="/securitygroup.tf.aws_security_group.rds_sg" file="/securitygroup.tf"/>
		<testcase name="[NONE][CKV_AWS_277] Ensure no security groups allow ingress from 0.0.0.0:0 to port -1" classname="/securitygroup.tf.aws_security_group.ec2_sg" file="/securitygroup.tf"/>
		<testcase name="[NONE][CKV_AWS_24] Ensure no security groups allow ingress from 0.0.0.0:0 to port 22" classname="/securitygroup.tf.aws_security_group.ec2_sg" file="/securitygroup.tf"/>
		<testcase name="[NONE][CKV_AWS_382] Ensure no security groups allow egress from 0.0.0.0:0 to port -1" classname="/securitygroup.tf.aws_security_group.ec2_sg" file="/securitygroup.tf"/>
		<testcase name="[NONE][CKV_AWS_23] Ensure every security group and rule has a description" classname="/securitygroup.tf.aws_security_group.ec2_sg" file="/securitygroup.tf"/>
		<testcase name="[NONE][CKV_AWS_260] Ensure no security groups allow ingress from 0.0.0.0:0 to port 80" classname="/securitygroup.tf.aws_security_group.ec2_sg" file="/securitygroup.tf"/>
		<testcase name="[NONE][CKV_AWS_25] Ensure no security groups allow ingress from 0.0.0.0:0 to port 3389" classname="/securitygroup.tf.aws_security_group.ec2_sg" file="/securitygroup.tf"/>
		<testcase name="[NONE][CKV_AWS_277] Ensure no security groups allow ingress from 0.0.0.0:0 to port -1" classname="/securitygroup.tf.aws_security_group.alb_sg" file="/securitygroup.tf"/>
		<testcase name="[NONE][CKV_AWS_24] Ensure no security groups allow ingress from 0.0.0.0:0 to port 22" classname="/securitygroup.tf.aws_security_group.alb_sg" file="/securitygroup.tf"/>
		<testcase name="[NONE][CKV_AWS_382] Ensure no security groups allow egress from 0.0.0.0:0 to port -1" classname="/securitygroup.tf.aws_security_group.alb_sg" file="/securitygroup.tf"/>
		<testcase name="[NONE][CKV_AWS_23] Ensure every security group and rule has a description" classname="/securitygroup.tf.aws_security_group.alb_sg" file="/securitygroup.tf"/>
		<testcase name="[NONE][CKV_AWS_260] Ensure no security groups allow ingress from 0.0.0.0:0 to port 80" classname="/securitygroup.tf.aws_security_group.alb_sg" file="/securitygroup.tf"/>
		<testcase name="[NONE][CKV_AWS_25] Ensure no security groups allow ingress from 0.0.0.0:0 to port 3389" classname="/securitygroup.tf.aws_security_group.alb_sg" file="/securitygroup.tf"/>
		<testcase name="[NONE][CKV_AWS_7] Ensure rotation for customer created CMKs is enabled" classname="/vpc.tf.aws_kms_key.cloudwatch_logs" file="/vpc.tf"/>
		<testcase name="[NONE][CKV_AWS_227] Ensure KMS key is enabled" classname="/vpc.tf.aws_kms_key.cloudwatch_logs" file="/vpc.tf"/>
		<testcase name="[NONE][CKV_AWS_33] Ensure KMS key policy does not contain wildcard (*) principal" classname="/vpc.tf.aws_kms_key.cloudwatch_logs" file="/vpc.tf"/>
		<testcase name="[NONE][CKV_AWS_158] Ensure that CloudWatch Log Group is encrypted by KMS" classname="/vpc.tf.aws_cloudwatch_log_group.vpc_flow_logs" file="/vpc.tf"/>
		<testcase name="[NONE][CKV_AWS_66] Ensure that CloudWatch Log Group specifies retention days" classname="/vpc.tf.aws_cloudwatch_log_group.vpc_flow_logs" file="/vpc.tf"/>
		<testcase name="[NONE][CKV_AWS_338] Ensure CloudWatch log groups retains logs for at least 1 year" classname="/vpc.tf.aws_cloudwatch_log_group.vpc_flow_logs" file="/vpc.tf"/>
		<testcase name="[NONE][CKV_AWS_60] Ensure IAM role allows only specific services or principals to assume it" classname="/vpc.tf.aws_iam_role.flow_log_role" file="/vpc.tf"/>
		<testcase name="[NONE][CKV_AWS_274] Disallow IAM roles, users, and groups from using the AWS AdministratorAccess policy" classname="/vpc.tf.aws_iam_role.flow_log_role" file="/vpc.tf"/>
		<testcase name="[NONE][CKV_AWS_61] Ensure AWS IAM policy does not allow assume role permission across all services" classname="/vpc.tf.aws_iam_role.flow_log_role" file="/vpc.tf"/>
		<testcase name="[NONE][CKV_AWS_63] Ensure no IAM policies documents allow &quot;*&quot; as a statement's actions" classname="/vpc.tf.aws_iam_role_policy.flow_log_policy" file="/vpc.tf"/>
		<testcase name="[NONE][CKV_AWS_62] Ensure IAM policies that allow full &quot;*-*&quot; administrative privileges are not created" classname="/vpc.tf.aws_iam_role_policy.flow_log_policy" file="/vpc.tf"/>
		<testcase name="[NONE][CKV_AWS_277] Ensure no security groups allow ingress from 0.0.0.0:0 to port -1" classname="/vpc.tf.aws_security_group.default_deny_all" file="/vpc.tf"/>
		<testcase name="[NONE][CKV_AWS_24] Ensure no security groups allow ingress from 0.0.0.0:0 to port 22" classname="/vpc.tf.aws_security_group.default_deny_all" file="/vpc.tf"/>
		<testcase name="[NONE][CKV_AWS_382] Ensure no security groups allow egress from 0.0.0.0:0 to port -1" classname="/vpc.tf.aws_security_group.default_deny_all" file="/vpc.tf"/>
		<testcase name="[NONE][CKV_AWS_23] Ensure every security group and rule has a description" classname="/vpc.tf.aws_security_group.default_deny_all" file="/vpc.tf"/>
		<testcase name="[NONE][CKV_AWS_260] Ensure no security groups allow ingress from 0.0.0.0:0 to port 80" classname="/vpc.tf.aws_security_group.default_deny_all" file="/vpc.tf"/>
		<testcase name="[NONE][CKV_AWS_25] Ensure no security groups allow ingress from 0.0.0.0:0 to port 3389" classname="/vpc.tf.aws_security_group.default_deny_all" file="/vpc.tf"/>
		<testcase name="[NONE][CKV_AWS_130] Ensure VPC subnets do not assign public IP by default" classname="/vpc.tf.aws_subnet.main_subnet_1" file="/vpc.tf"/>
		<testcase name="[NONE][CKV_AWS_130] Ensure VPC subnets do not assign public IP by default" classname="/vpc.tf.aws_subnet.main_subnet_2" file="/vpc.tf"/>
		<testcase name="[NONE][CKV2_AWS_74] Ensure AWS Load Balancers use strong ciphers" classname="/alb.tf.aws_lb_listener.https" file="/alb.tf"/>
		<testcase name="[NONE][CKV2_AWS_74] Ensure AWS Load Balancers use strong ciphers" classname="/alb.tf.aws_lb_listener.http_redirect" file="/alb.tf"/>
		<testcase name="[NONE][CKV_AWS_19] Ensure all data stored in the S3 bucket is securely encrypted at rest" classname="/s3.tf.aws_s3_bucket.healthy_app_files" file="/s3.tf"/>
		<testcase name="[NONE][CKV_AWS_21] Ensure all data stored in the S3 bucket have versioning enabled" classname="/s3.tf.aws_s3_bucket.healthy_app_files" file="/s3.tf"/>
		<testcase name="[NONE][CKV2_AWS_5] Ensure that Security Groups are attached to another resource" classname="/securitygroup.tf.aws_security_group.alb_sg" file="/securitygroup.tf"/>
		<testcase name="[NONE][CKV2_AWS_5] Ensure that Security Groups are attached to another resource" classname="/securitygroup.tf.aws_security_group.rds_sg" file="/securitygroup.tf"/>
		<testcase name="[NONE][CKV2_AWS_5] Ensure that Security Groups are attached to another resource" classname="/securitygroup.tf.aws_security_group.ec2_sg" file="/securitygroup.tf"/>
		<testcase name="[NONE][CKV2_AWS_35] AWS NAT Gateways should be utilized for the default route" classname="/vpc.tf.aws_route_table.public_rt" file="/vpc.tf"/>
		<testcase name="[NONE][CKV2_AWS_44] Ensure AWS route table with VPC peering does not contain routes overly permissive to all traffic" classname="/vpc.tf.aws_route_table.public_rt" file="/vpc.tf"/>
		<testcase name="[NONE][CKV_AWS_57] S3 Bucket has an ACL defined which allows public WRITE access." classname="/s3.tf.aws_s3_bucket.healthy_app_files" file="/s3.tf"/>
		<testcase name="[NONE][CKV2_AWS_28] Ensure public facing ALB are protected by WAF" classname="/alb.tf.aws_lb.app_lb" file="/alb.tf"/>
		<testcase name="[NONE][CKV2_AWS_41] Ensure an IAM role is attached to EC2 instance" classname="/ec2.tf.aws_instance.backend" file="/ec2.tf"/>
		<testcase name="[NONE][CKV2_AWS_64] Ensure KMS key Policy is defined" classname="/cloudwatch.tf.aws_kms_key.cloudwatch_logs_kms" file="/cloudwatch.tf"/>
		<testcase name="[NONE][CKV2_AWS_64] Ensure KMS key Policy is defined" classname="/s3.tf.aws_kms_key.s3_kms" file="/s3.tf"/>
		<testcase name="[NONE][CKV2_AWS_64] Ensure KMS key Policy is defined" classname="/vpc.tf.aws_kms_key.cloudwatch_logs" file="/vpc.tf"/>
		<testcase name="[NONE][CKV_AWS_378] Ensure AWS Load Balancer doesn't use HTTP protocol" classname="/alb.tf.aws_lb_target_group.app_tg" file="/alb.tf"/>
		<testcase name="[NONE][CKV2_AWS_6] Ensure that S3 bucket has a Public Access block" classname="/s3.tf.aws_s3_bucket.healthy_app_files" file="/s3.tf"/>
		<testcase name="[NONE][CKV_AWS_20] S3 Bucket has an ACL defined which allows public READ access." classname="/s3.tf.aws_s3_bucket.healthy_app_files" file="/s3.tf"/>
		<testcase name="[NONE][CKV2_AWS_20] Ensure that ALB redirects HTTP requests into HTTPS ones" classname="/alb.tf.aws_lb.app_lb" file="/alb.tf"/>
		<testcase name="[NONE][CKV_AWS_18] Ensure the S3 bucket has access logging enabled" classname="/s3.tf.aws_s3_bucket.healthy_app_files" file="/s3.tf"/>
		<testcase name="[NONE][CKV2_AWS_56] Ensure AWS Managed IAMFullAccess IAM policy is not used." classname="/cloudwatch.tf.aws_iam_role.grafana_cloudwatch_role" file="/cloudwatch.tf"/>
		<testcase name="[NONE][CKV2_AWS_56] Ensure AWS Managed IAMFullAccess IAM policy is not used." classname="/iam.tf.aws_iam_role.ec2_s3_read_role" file="/iam.tf"/>
		<testcase name="[NONE][CKV2_AWS_56] Ensure AWS Managed IAMFullAccess IAM policy is not used." classname="/iam.tf.aws_iam_policy_attachment.s3_read_attach" file="/iam.tf"/>
		<testcase name="[NONE][CKV2_AWS_56] Ensure AWS Managed IAMFullAccess IAM policy is not used." classname="/vpc.tf.aws_iam_role.flow_log_role" file="/vpc.tf"/>
		<testcase name="[NONE][CKV2_AWS_40] Ensure AWS IAM policy does not allow full IAM privileges" classname="/cloudwatch.tf.aws_iam_policy.grafana_cloudwatch_policy" file="/cloudwatch.tf"/>
		<testcase name="[NONE][CKV_AWS_145] Ensure that S3 buckets are encrypted with KMS by default" classname="/s3.tf.aws_s3_bucket.healthy_app_files" file="/s3.tf"/>
		<testcase name="[NONE][CKV_AWS_103] Ensure that load balancer is using at least TLS 1.2" classname="/alb.tf.aws_lb_listener.https" file="/alb.tf"/>
		<testcase name="[NONE][CKV_AWS_103] Ensure that load balancer is using at least TLS 1.2" classname="/alb.tf.aws_lb_listener.http_redirect" file="/alb.tf"/>
		<testcase name="[NONE][CKV2_AWS_69] Ensure AWS RDS database instance configured with encryption in transit" classname="/database.tf.aws_db_instance.healthy" file="/database.tf"/>
		<testcase name="[NONE][CKV2_AWS_60] Ensure RDS instance with copy tags to snapshots is enabled" classname="/database.tf.aws_db_instance.healthy" file="/database.tf"/>
		<testcase name="[NONE][CKV2_AWS_11] Ensure VPC flow logging is enabled in all VPCs" classname="/vpc.tf.aws_vpc.main" file="/vpc.tf"/>
		<testcase name="[NONE][CKV2_AWS_62] Ensure S3 buckets should have event notifications enabled" classname="/s3.tf.aws_s3_bucket.healthy_app_files" file="/s3.tf"/>
		<testcase name="[NONE][CKV_AWS_354] Ensure RDS Performance Insights are encrypted using KMS CMKs" classname="/database.tf.aws_db_instance.healthy" file="/database.tf">
			<failure type="failure" message="Ensure RDS Performance Insights are encrypted using KMS CMKs">
Resource: aws_db_instance.healthy
File: /database.tf: 36-71
Guideline: https://docs.prismacloud.io/en/enterprise-edition/policy-reference/aws-policies/aws-general-policies/bc-aws-354

		36 | resource &quot;aws_db_instance&quot; &quot;healthy&quot; {
		37 |   identifier             = &quot;healthy-db&quot;
		38 |   allocated_storage      = var.db_allocated_storage
		39 |   engine                 = &quot;postgres&quot;
		40 |   engine_version         = &quot;15.7&quot;
		41 |   instance_class         = var.db_instance_class
		42 |   db_name                = var.db_name
		43 |   username               = var.db_username
		44 |   password               = var.db_password
		45 |   publicly_accessible    = false  # Para que no sea accesible públicamente
		46 |   skip_final_snapshot    = true
		47 |   vpc_security_group_ids = [aws_security_group.rds_sg.id]
		48 |   db_subnet_group_name   = aws_db_subnet_group.main.name
		49 | 
		50 |   deletion_protection              = true
		51 |   multi_az                         = true
		52 |   auto_minor_version_upgrade       = true
		53 |   monitoring_interval              = 60
		54 |   monitoring_role_arn              = aws_iam_role.rds_monitoring_role.arn
		55 |   iam_database_authentication_enabled = true
		56 |   
		57 |   performance_insights_enabled          = true
		58 |   performance_insights_retention_period = 90
		59 | 
		60 |   storage_encrypted = true
		61 | 
		62 |   enabled_cloudwatch_logs_exports = [&quot;postgresql&quot;, &quot;upgrade&quot;, &quot;error&quot;, &quot;slowquery&quot;]
		63 | 
		64 |   backup_retention_period           = 7
		65 |   copy_tags_to_snapshot             = true
		66 | 
		67 |   tags = {
		68 |     Name = &quot;healthy-db&quot;
		69 |   }
		70 | 
		71 | }</failure>
		</testcase>
		<testcase name="[NONE][CKV2_AWS_76] Ensure AWS ALB attached WAFv2 WebACL is configured with AMR for Log4j Vulnerability" classname="/alb.tf.aws_lb.app_lb" file="/alb.tf">
			<failure type="failure" message="Ensure AWS ALB attached WAFv2 WebACL is configured with AMR for Log4j Vulnerability">
Resource: aws_lb.app_lb
File: /alb.tf: 2-21
Guideline: None

		2  | resource &quot;aws_lb&quot; &quot;app_lb&quot; {
		3  |   name               = &quot;healthy-alb&quot;
		4  |   internal           = false
		5  |   load_balancer_type = &quot;application&quot;
		6  |   security_groups    = [aws_security_group.alb_sg.id]
		7  |   subnets            = [aws_subnet.main_subnet_1.id, aws_subnet.main_subnet_2.id]
		8  |   enable_deletion_protection = true
		9  | 
		10 |   drop_invalid_header_fields = true 
		11 | 
		12 |   access_logs {
		13 |     bucket  = aws_s3_bucket.alb_logs.bucket
		14 |     enabled = true
		15 |     prefix  = &quot;alb-logs&quot;
		16 |   }
		17 | 
		18 |   tags = {
		19 |     Name = &quot;healthy-application-lb&quot;
		20 |   }
		21 | }
</failure>
		</testcase>
		<testcase name="[NONE][CKV2_AWS_30] Ensure Postgres RDS as aws_db_instance has Query Logging enabled" classname="/database.tf.aws_db_instance.healthy" file="/database.tf">
			<failure type="failure" message="Ensure Postgres RDS as aws_db_instance has Query Logging enabled">
Resource: aws_db_instance.healthy
File: /database.tf: 36-71
Guideline: https://docs.prismacloud.io/en/enterprise-edition/policy-reference/aws-policies/aws-general-policies/ensure-postgres-rds-has-query-logging-enabled

		36 | resource &quot;aws_db_instance&quot; &quot;healthy&quot; {
		37 |   identifier             = &quot;healthy-db&quot;
		38 |   allocated_storage      = var.db_allocated_storage
		39 |   engine                 = &quot;postgres&quot;
		40 |   engine_version         = &quot;15.7&quot;
		41 |   instance_class         = var.db_instance_class
		42 |   db_name                = var.db_name
		43 |   username               = var.db_username
		44 |   password               = var.db_password
		45 |   publicly_accessible    = false  # Para que no sea accesible públicamente
		46 |   skip_final_snapshot    = true
		47 |   vpc_security_group_ids = [aws_security_group.rds_sg.id]
		48 |   db_subnet_group_name   = aws_db_subnet_group.main.name
		49 | 
		50 |   deletion_protection              = true
		51 |   multi_az                         = true
		52 |   auto_minor_version_upgrade       = true
		53 |   monitoring_interval              = 60
		54 |   monitoring_role_arn              = aws_iam_role.rds_monitoring_role.arn
		55 |   iam_database_authentication_enabled = true
		56 |   
		57 |   performance_insights_enabled          = true
		58 |   performance_insights_retention_period = 90
		59 | 
		60 |   storage_encrypted = true
		61 | 
		62 |   enabled_cloudwatch_logs_exports = [&quot;postgresql&quot;, &quot;upgrade&quot;, &quot;error&quot;, &quot;slowquery&quot;]
		63 | 
		64 |   backup_retention_period           = 7
		65 |   copy_tags_to_snapshot             = true
		66 | 
		67 |   tags = {
		68 |     Name = &quot;healthy-db&quot;
		69 |   }
		70 | 
		71 | }</failure>
		</testcase>
		<testcase name="[NONE][CKV2_AWS_5] Ensure that Security Groups are attached to another resource" classname="/vpc.tf.aws_security_group.default_deny_all" file="/vpc.tf">
			<failure type="failure" message="Ensure that Security Groups are attached to another resource">
Resource: aws_security_group.default_deny_all
File: /vpc.tf: 112-123
Guideline: https://docs.prismacloud.io/en/enterprise-edition/policy-reference/aws-policies/aws-networking-policies/ensure-that-security-groups-are-attached-to-ec2-instances-or-elastic-network-interfaces-enis

		112 | resource &quot;aws_security_group&quot; &quot;default_deny_all&quot; {
		113 |   name        = &quot;default-deny-all&quot;
		114 |   description = &quot;Security group que bloquea todo el tráfico&quot;
		115 |   vpc_id      = aws_vpc.main.id
		116 | 
		117 |   ingress = []
		118 |   egress  = []
		119 | 
		120 |   tags = {
		121 |     Name = &quot;deny-all-custom&quot;
		122 |   }
		123 | }
</failure>
		</testcase>
		<testcase name="[NONE][CKV2_AWS_61] Ensure that an S3 bucket has a lifecycle configuration" classname="/s3.tf.aws_s3_bucket.healthy_app_files" file="/s3.tf">
			<failure type="failure" message="Ensure that an S3 bucket has a lifecycle configuration">
Resource: aws_s3_bucket.healthy_app_files
File: /s3.tf: 1-11
Guideline: https://docs.prismacloud.io/en/enterprise-edition/policy-reference/aws-policies/aws-logging-policies/bc-aws-2-61

		1  | resource &quot;aws_s3_bucket&quot; &quot;healthy_app_files&quot; {
		2  |   bucket = var.bucket_name
		3  | 
		4  |   tags = {
		5  |     Name = &quot;Healthy App Files&quot;
		6  |   }
		7  | 
		8  |   lifecycle {
		9  |     prevent_destroy = true
		10 |   }
		11 | }
</failure>
		</testcase>
		<testcase name="[NONE][CKV_AWS_144] Ensure that S3 bucket has cross-region replication enabled" classname="/s3.tf.aws_s3_bucket.healthy_app_files" file="/s3.tf">
			<failure type="failure" message="Ensure that S3 bucket has cross-region replication enabled">
Resource: aws_s3_bucket.healthy_app_files
File: /s3.tf: 1-11
Guideline: https://docs.prismacloud.io/en/enterprise-edition/policy-reference/aws-policies/aws-general-policies/ensure-that-s3-bucket-has-cross-region-replication-enabled

		1  | resource &quot;aws_s3_bucket&quot; &quot;healthy_app_files&quot; {
		2  |   bucket = var.bucket_name
		3  | 
		4  |   tags = {
		5  |     Name = &quot;Healthy App Files&quot;
		6  |   }
		7  | 
		8  |   lifecycle {
		9  |     prevent_destroy = true
		10 |   }
		11 | }
</failure>
		</testcase>
		<testcase name="[NONE][CKV2_AWS_12] Ensure the default security group of every VPC restricts all traffic" classname="/vpc.tf.aws_vpc.main" file="/vpc.tf">
			<failure type="failure" message="Ensure the default security group of every VPC restricts all traffic">
Resource: aws_vpc.main
File: /vpc.tf: 93-101
Guideline: https://docs.prismacloud.io/en/enterprise-edition/policy-reference/aws-policies/aws-networking-policies/networking-4

		93  | resource &quot;aws_vpc&quot; &quot;main&quot; {
		94  |   cidr_block           = var.vpc_cidr
		95  |   enable_dns_support   = true
		96  |   enable_dns_hostnames = true
		97  | 
		98  |   tags = {
		99  |     Name = &quot;main-vpc&quot;
		100 |   }
		101 | }
</failure>
		</testcase>
	</testsuite>
</testsuites>
